<?xml version="1.0" encoding="UTF-8"?>
<!-- Generated by org.testng.reporters.JUnitReportReporter -->
<testsuite hostname="Dell-pc" failures="0" tests="3" name="com.vtechsolution.orangehrmTestcases.LoginTc_03" time="50.759" errors="0" timestamp="2022-09-07T09:27:21 IST" skipped="0">
  <testcase classname="com.vtechsolution.orangehrmTestcases.LoginTc_03" name="verifylogin" time="19.080"/>
  <system-out/>
  <testcase classname="com.vtechsolution.orangehrmTestcases.LoginTc_03" name="verifylogin" time="14.695"/>
  <system-out/>
  <testcase classname="com.vtechsolution.orangehrmTestcases.LoginTc_03" name="verifylogin" time="16.984"/>
  <system-out/>
</testsuite> <!-- com.vtechsolution.orangehrmTestcases.LoginTc_03 -->
