<?xml version="1.0" encoding="UTF-8"?>
<!-- Generated by org.testng.reporters.JUnitReportReporter -->
<testsuite hostname="Dell-pc" failures="0" tests="3" name="com.vtechsolution.orangehrmTestcases.Login_Tc01" time="101.034" errors="0" timestamp="2022-09-11T12:10:03 IST" skipped="1">
  <testcase classname="com.vtechsolution.orangehrmTestcases.Login_Tc01" name="verifyLoginPageTitleTc" time="17.631"/>
  <system-out/>
  <testcase classname="com.vtechsolution.orangehrmTestcases.Login_Tc01" name="LoginTc_o1" time="83.403"/>
  <system-out/>
  <testcase classname="com.vtechsolution.orangehrmTestcases.Login_Tc01" name="verifyOrangeHrmlogo">
    <skipped/>
  </testcase> <!-- verifyOrangeHrmlogo -->
  <system-out/>
</testsuite> <!-- com.vtechsolution.orangehrmTestcases.Login_Tc01 -->
