<?xml version="1.0" encoding="UTF-8"?>
<!-- Generated by org.testng.reporters.JUnitReportReporter -->
<testsuite hostname="Dell-pc" failures="0" tests="1" name="com.vtechsolution.orangehrmTestcases.LoginTC_02" time="5.787" errors="0" timestamp="2022-08-30T13:47:56 IST" skipped="0">
  <testcase classname="com.vtechsolution.orangehrmTestcases.LoginTC_02" name="LoginTc_o2" time="5.787"/>
  <system-out/>
</testsuite> <!-- com.vtechsolution.orangehrmTestcases.LoginTC_02 -->
