<?xml version="1.0" encoding="UTF-8"?>
<!-- Generated by org.testng.reporters.JUnitReportReporter -->
<testsuite hostname="Dell-pc" failures="0" tests="3" name="com.vtechsolution.orangehrmTestcases.LoginTc_03" time="61.501" errors="0" timestamp="2022-09-03T10:17:17 IST" skipped="0">
  <testcase classname="com.vtechsolution.orangehrmTestcases.LoginTc_03" name="verifylogin" time="19.764"/>
  <system-out/>
  <testcase classname="com.vtechsolution.orangehrmTestcases.LoginTc_03" name="verifylogin" time="25.113"/>
  <system-out/>
  <testcase classname="com.vtechsolution.orangehrmTestcases.LoginTc_03" name="verifylogin" time="16.624"/>
  <system-out/>
</testsuite> <!-- com.vtechsolution.orangehrmTestcases.LoginTc_03 -->
