<?xml version="1.0" encoding="UTF-8"?>
<!-- Generated by org.testng.reporters.JUnitReportReporter -->
<testsuite hostname="Dell-pc" failures="0" tests="1" name="com.vtechsolution.orangehrmTestcases.LoginTC_01" time="2.053" errors="0" timestamp="2022-08-11T18:13:19 IST" skipped="0">
  <testcase classname="com.vtechsolution.orangehrmTestcases.LoginTC_01" name="LoginTest" time="2.053"/>
  <system-out/>
</testsuite> <!-- com.vtechsolution.orangehrmTestcases.LoginTC_01 -->
