<?xml version="1.0" encoding="UTF-8"?>
<!-- Generated by org.testng.reporters.JUnitReportReporter -->
<testsuite hostname="Dell-pc" failures="0" tests="3" name="com.vtechsolution.orangehrmTestcases.Login_Tc01" time="7.160" errors="0" timestamp="2022-08-15T12:23:29 IST" skipped="0">
  <testcase classname="com.vtechsolution.orangehrmTestcases.Login_Tc01" name="verifyLoginPageTitleTc" time="0.034"/>
  <system-out/>
  <testcase classname="com.vtechsolution.orangehrmTestcases.Login_Tc01" name="VerifyOrangeHrmLogoTc" time="0.158"/>
  <system-out/>
  <testcase classname="com.vtechsolution.orangehrmTestcases.Login_Tc01" name="LoginTc_o1" time="6.968"/>
  <system-out/>
</testsuite> <!-- com.vtechsolution.orangehrmTestcases.Login_Tc01 -->
